2021/06/21 14:47:37 {"callers":["D:/workspace/GitHub_local/demo/blog-service/cmd/api/v1/main.go: 23 main.init.0"],"level":"info","message":"blog-service init successfully","time":1624258057798945800}
2021/06/21 15:29:28 {"callers":["D:/workspace/GitHub_local/demo/blog-service/cmd/api/v1/main.go: 23 main.init.0"],"level":"info","message":"blog-service init successfully","time":1624260568810291200}
2021/06/21 15:34:07 {"callers":["D:/workspace/GitHub_local/demo/blog-service/cmd/api/v1/main.go: 23 main.init.0"],"level":"info","message":"blog-service init successfully","time":1624260847563450700}
2021/06/21 15:57:10 {"callers":["D:/workspace/GitHub_local/demo/blog-service/cmd/api/v1/main.go: 23 main.init.0"],"level":"info","message":"blog-service init successfully","time":1624262230712356100}
2021/06/21 15:58:57 {"callers":["D:/workspace/GitHub_local/demo/blog-service/cmd/api/v1/main.go: 23 main.init.0"],"level":"error","message":"app.BindAndValid errs: Key: 'TagListRequest.State' Error:Field validation for 'State' failed on the 'oneof' tag","time":1624262337224781800}
2021/06/21 18:10:11 {"callers":["D:/workspace/GitHub_local/demo/blog-service/cmd/v1/main.go: 23 main.init.0"],"level":"info","message":"blog-service init successfully","time":1624270211699523300}
2021/06/21 18:10:23 {"callers":["D:/workspace/GitHub_local/demo/blog-service/cmd/v1/main.go: 23 main.init.0"],"level":"error","message":"app.BindAndValid errs: Key: 'CreateTagRequest.Name' Error:Field validation for 'Name' failed on the 'min' tag,Key: 'CreateTagRequest.CreatedBy' Error:Field validation for 'CreatedBy' failed on the 'required' tag","time":1624270223098262800}
2021/06/21 18:12:09 {"callers":["D:/workspace/GitHub_local/demo/blog-service/cmd/v1/main.go: 23 main.init.0"],"level":"error","message":"app.BindAndValid errs: Key: 'CreateTagRequest.CreatedBy' Error:Field validation for 'CreatedBy' failed on the 'required' tag","time":1624270329741136200}
2021/06/21 18:12:56 {"callers":["D:/workspace/GitHub_local/demo/blog-service/cmd/v1/main.go: 23 main.init.0"],"level":"error","message":"app.BindAndValid errs: Key: 'CreateTagRequest.CreatedBy' Error:Field validation for 'CreatedBy' failed on the 'required' tag","time":1624270376409416000}
2021/06/21 18:14:54 {"callers":["D:/workspace/GitHub_local/demo/blog-service/cmd/v1/main.go: 23 main.init.0"],"level":"error","message":"svc.CreateTag err: commit unexpectedly resulted in rollback","time":1624270494023820100}
2021/06/21 18:18:19 {"callers":["D:/workspace/GitHub_local/demo/blog-service/cmd/v1/main.go: 23 main.init.0"],"level":"info","message":"blog-service init successfully","time":1624270699380312300}
2021/06/21 18:19:05 {"callers":["D:/workspace/GitHub_local/demo/blog-service/cmd/v1/main.go: 23 main.init.0"],"level":"error","message":"app.BindAndValid errs: Key: 'CreateTagRequest.CreatedBy' Error:Field validation for 'CreatedBy' failed on the 'required' tag","time":1624270745595681500}
2021/06/21 18:19:38 {"callers":["D:/workspace/GitHub_local/demo/blog-service/cmd/v1/main.go: 23 main.init.0"],"level":"error","message":"svc.CreateTag err: commit unexpectedly resulted in rollback","time":1624270778151415400}
2021/06/21 18:21:20 {"callers":["D:/workspace/GitHub_local/demo/blog-service/cmd/v1/main.go: 23 main.init.0"],"level":"info","message":"blog-service init successfully","time":1624270880529931100}
2021/06/21 18:21:26 {"callers":["D:/workspace/GitHub_local/demo/blog-service/cmd/v1/main.go: 23 main.init.0"],"level":"error","message":"svc.CreateTag err: commit unexpectedly resulted in rollback","time":1624270886720325600}
2021/06/21 18:24:11 {"callers":["D:/workspace/GitHub_local/demo/blog-service/cmd/v1/main.go: 23 main.init.0"],"level":"info","message":"blog-service init successfully","time":1624271051958479900}
2021/06/21 18:24:18 {"callers":["D:/workspace/GitHub_local/demo/blog-service/cmd/v1/main.go: 23 main.init.0"],"level":"error","message":"svc.CreateTag err: cannot convert 2021-06-21 18:24:18.5854374 +0800 CST m=+6.806130501 to Int4","time":1624271058588245300}
2021/06/21 18:31:28 {"callers":["D:/workspace/GitHub_local/demo/blog-service/cmd/v1/main.go: 23 main.init.0"],"level":"info","message":"blog-service init successfully","time":1624271488394794400}
2021/06/21 23:12:23 {"callers":["/Users/xuhongyu/workspace/Github/demo/go-gin-http/blog-service/cmd/v1/main.go: 23 main.init.0"],"level":"info","message":"blog-service init successfully","time":1624288343417102000}
2021/06/21 23:31:22 {"callers":["/Users/xuhongyu/workspace/Github/demo/go-gin-http/blog-service/cmd/v1/main.go: 23 main.init.0"],"level":"info","message":"blog-service init successfully","time":1624289482503134000}
2021/06/21 23:33:52 {"callers":["/Users/xuhongyu/workspace/Github/demo/go-gin-http/blog-service/cmd/v1/main.go: 23 main.init.0"],"level":"info","message":"blog-service init successfully","time":1624289632455676000}
2021/06/21 23:42:34 {"callers":["/Users/xuhongyu/workspace/Github/demo/go-gin-http/blog-service/cmd/v1/main.go: 23 main.init.0"],"level":"error","message":"app.BindAndValid errs: Key: 'UpdateTagRequest.Name' Error:Field validation for 'Name' failed on the 'min' tag,Key: 'UpdateTagRequest.State' Error:Field validation for 'State' failed on the 'required' tag","time":1624290154062218000}
2021/06/21 23:45:08 {"callers":["/Users/xuhongyu/workspace/Github/demo/go-gin-http/blog-service/cmd/v1/main.go: 23 main.init.0"],"level":"info","message":"blog-service init successfully","time":1624290308910163000}
2021/06/21 23:45:15 {"callers":["/Users/xuhongyu/workspace/Github/demo/go-gin-http/blog-service/cmd/v1/main.go: 23 main.init.0"],"level":"error","message":"app.BindAndValid errs: Key: 'UpdateTagRequest.State' Error:Field validation for 'State' failed on the 'required' tag","time":1624290315200713000}
2021/06/21 23:47:21 {"callers":["/Users/xuhongyu/workspace/Github/demo/go-gin-http/blog-service/cmd/v1/main.go: 23 main.init.0"],"level":"info","message":"blog-service init successfully","time":1624290441848720000}
2021/06/21 23:49:10 {"callers":["/Users/xuhongyu/workspace/Github/demo/go-gin-http/blog-service/cmd/v1/main.go: 23 main.init.0"],"level":"info","message":"blog-service init successfully","time":1624290550677765000}
2021/06/21 23:49:44 {"callers":["/Users/xuhongyu/workspace/Github/demo/go-gin-http/blog-service/cmd/v1/main.go: 23 main.init.0"],"level":"error","message":"app.BindAndValid errs: Key: 'UpdateTagRequest.Name' Error:Field validation for 'Name' failed on the 'min' tag,Key: 'UpdateTagRequest.State' Error:Field validation for 'State' failed on the 'oneof' tag","time":1624290584950629000}
2021/06/21 23:50:17 {"callers":["/Users/xuhongyu/workspace/Github/demo/go-gin-http/blog-service/cmd/v1/main.go: 23 main.init.0"],"level":"error","message":"app.BindAndValid errs: Key: 'UpdateTagRequest.State' Error:Field validation for 'State' failed on the 'oneof' tag","time":1624290617307519000}
2021/06/21 23:51:07 {"callers":["/Users/xuhongyu/workspace/Github/demo/go-gin-http/blog-service/cmd/v1/main.go: 23 main.init.0"],"level":"error","message":"app.BindAndValid errs: Key: 'UpdateTagRequest.Name' Error:Field validation for 'Name' failed on the 'min' tag","time":1624290667714363000}
2021/06/21 23:51:21 {"callers":["/Users/xuhongyu/workspace/Github/demo/go-gin-http/blog-service/cmd/v1/main.go: 23 main.init.0"],"level":"info","message":"blog-service init successfully","time":1624290681951556000}
2021/06/21 23:52:13 {"callers":["/Users/xuhongyu/workspace/Github/demo/go-gin-http/blog-service/cmd/v1/main.go: 23 main.init.0"],"level":"error","message":"app.BindAndValid errs: Key: 'UpdateTagRequest.State' Error:Field validation for 'State' failed on the 'required' tag","time":1624290733729962000}
2021/06/21 23:52:34 {"callers":["/Users/xuhongyu/workspace/Github/demo/go-gin-http/blog-service/cmd/v1/main.go: 23 main.init.0"],"level":"error","message":"app.BindAndValid errs: Key: 'UpdateTagRequest.State' Error:Field validation for 'State' failed on the 'oneof' tag","time":1624290754473502000}
2021/06/21 23:52:40 {"callers":["/Users/xuhongyu/workspace/Github/demo/go-gin-http/blog-service/cmd/v1/main.go: 23 main.init.0"],"level":"error","message":"app.BindAndValid errs: Key: 'UpdateTagRequest.State' Error:Field validation for 'State' failed on the 'required' tag","time":1624290760568028000}
2021/06/21 23:54:35 {"callers":["/Users/xuhongyu/workspace/Github/demo/go-gin-http/blog-service/cmd/v1/main.go: 23 main.init.0"],"level":"info","message":"blog-service init successfully","time":1624290875887152000}
2021/06/21 23:55:05 {"callers":["/Users/xuhongyu/workspace/Github/demo/go-gin-http/blog-service/cmd/v1/main.go: 23 main.init.0"],"level":"info","message":"blog-service init successfully","time":1624290905008436000}
2021/06/21 23:58:25 {"callers":["/Users/xuhongyu/workspace/Github/demo/go-gin-http/blog-service/cmd/v1/main.go: 23 main.init.0"],"level":"info","message":"blog-service init successfully","time":1624291105401101000}
2021/06/21 23:59:16 {"callers":["/Users/xuhongyu/workspace/Github/demo/go-gin-http/blog-service/cmd/v1/main.go: 23 main.init.0"],"level":"info","message":"blog-service init successfully","time":1624291156460762000}
2021/06/22 00:00:55 {"callers":["/Users/xuhongyu/workspace/Github/demo/go-gin-http/blog-service/cmd/v1/main.go: 23 main.init.0"],"level":"info","message":"blog-service init successfully","time":1624291255278019000}
2021/06/22 00:01:08 {"callers":["/Users/xuhongyu/workspace/Github/demo/go-gin-http/blog-service/cmd/v1/main.go: 23 main.init.0"],"level":"error","message":"app.BindAndValid errs: Key: 'CreateTagRequest.State' Error:Field validation for 'State' failed on the 'required' tag","time":1624291268809014000}
2021/06/22 00:02:09 {"callers":["/Users/xuhongyu/workspace/Github/demo/go-gin-http/blog-service/cmd/v1/main.go: 23 main.init.0"],"level":"info","message":"blog-service init successfully","time":1624291329752454000}
2021/06/22 00:06:20 {"callers":["/Users/xuhongyu/workspace/Github/demo/go-gin-http/blog-service/cmd/v1/main.go: 23 main.init.0"],"level":"info","message":"blog-service init successfully","time":1624291580997402000}
2021/06/22 00:06:39 {"callers":["/Users/xuhongyu/workspace/Github/demo/go-gin-http/blog-service/cmd/v1/main.go: 23 main.init.0"],"level":"info","message":"blog-service init successfully","time":1624291599194025000}
2021/06/22 08:40:32 {"callers":["D:/workspace/GitHub_local/demo/blog-service/cmd/v1/main.go: 23 main.init.0"],"level":"info","message":"blog-service init successfully","time":1624322432983318700}
2021/06/22 08:50:02 {"callers":["D:/workspace/GitHub_local/demo/blog-service/cmd/v1/main.go: 23 main.init.0"],"level":"info","message":"blog-service init successfully","time":1624323002232230700}
2021/06/22 08:50:08 {"callers":["D:/workspace/GitHub_local/demo/blog-service/cmd/v1/main.go: 23 main.init.0"],"level":"error","message":"svc.UpdateTag err: commit unexpectedly resulted in rollback","time":1624323008448920000}
2021/06/22 09:03:13 {"callers":["D:/workspace/GitHub_local/demo/blog-service/cmd/v1/main.go: 23 main.init.0"],"level":"info","message":"blog-service init successfully","time":1624323793719919700}
2021/06/22 09:07:36 {"callers":["D:/workspace/GitHub_local/demo/blog-service/cmd/v1/main.go: 23 main.init.0"],"level":"error","message":"svc.UpdateTag err: commit unexpectedly resulted in rollback","time":1624324056265213400}
2021/06/22 09:13:06 {"callers":["D:/workspace/GitHub_local/demo/blog-service/cmd/v1/main.go: 23 main.init.0"],"level":"info","message":"blog-service init successfully","time":1624324386528117500}
2021/06/22 09:13:18 {"callers":["D:/workspace/GitHub_local/demo/blog-service/cmd/v1/main.go: 23 main.init.0"],"level":"info","message":"blog-service init successfully","time":1624324398165576300}
2021/06/22 09:20:22 {"callers":["D:/workspace/GitHub_local/demo/blog-service/cmd/v1/main.go: 23 main.init.0"],"level":"info","message":"blog-service init successfully","time":1624324822663770600}
2021/06/22 09:36:41 {"callers":["D:/workspace/GitHub_local/demo/blog-service/cmd/v1/main.go: 23 main.init.0"],"level":"info","message":"blog-service init successfully","time":1624325801400707100}
2021/06/22 09:36:56 {"callers":["D:/workspace/GitHub_local/demo/blog-service/cmd/v1/main.go: 23 main.init.0"],"level":"info","message":"blog-service init successfully","time":1624325816932966100}
2021/06/22 09:43:29 {"callers":["D:/workspace/GitHub_local/demo/blog-service/cmd/v1/main.go: 23 main.init.0"],"level":"info","message":"blog-service init successfully","time":1624326209389878300}
2021/06/22 09:45:48 {"callers":["D:/workspace/GitHub_local/demo/blog-service/cmd/v1/main.go: 23 main.init.0"],"level":"info","message":"blog-service init successfully","time":1624326348521202700}
2021/06/22 20:30:30 {"callers":["/Users/xuhongyu/workspace/Github/demo/go-gin-http/blog-service/cmd/v1/main.go: 23 main.init.0"],"level":"info","message":"blog-service init successfully","time":1624365030268506000}
2021/06/22 20:41:32 {"callers":["/Users/xuhongyu/workspace/Github/demo/go-gin-http/blog-service/cmd/v1/main.go: 23 main.init.0"],"level":"info","message":"blog-service init successfully","time":1624365692092938000}
2021/06/22 20:49:40 {"callers":["/Users/xuhongyu/workspace/Github/demo/go-gin-http/blog-service/cmd/v1/main.go: 23 main.init.0"],"level":"info","message":"blog-service init successfully","time":1624366180745732000}
2021/06/22 20:50:13 {"callers":["/Users/xuhongyu/workspace/Github/demo/go-gin-http/blog-service/cmd/v1/main.go: 23 main.init.0"],"level":"error","message":"svc.CreateArticle err: ERROR: column \"desc\" of relation \"blog_article\" does not exist (SQLSTATE 42703)","time":1624366213904943000}
2021/06/22 20:51:05 {"callers":["/Users/xuhongyu/workspace/Github/demo/go-gin-http/blog-service/cmd/v1/main.go: 23 main.init.0"],"level":"info","message":"blog-service init successfully","time":1624366265312358000}
2021/06/22 20:53:03 {"callers":["/Users/xuhongyu/workspace/Github/demo/go-gin-http/blog-service/cmd/v1/main.go: 23 main.init.0"],"level":"error","message":"svc.CreateArticle err: ERROR: column \"desc\" of relation \"blog_article\" does not exist (SQLSTATE 42703)","time":1624366383256613000}
2021/06/22 20:53:38 {"callers":["/Users/xuhongyu/workspace/Github/demo/go-gin-http/blog-service/cmd/v1/main.go: 23 main.init.0"],"level":"info","message":"blog-service init successfully","time":1624366418657668000}
2021/06/22 20:53:58 {"callers":["/Users/xuhongyu/workspace/Github/demo/go-gin-http/blog-service/cmd/v1/main.go: 23 main.init.0"],"level":"error","message":"svc.CreateArticle err: ERROR: column \"desc\" of relation \"blog_article\" does not exist (SQLSTATE 42703)","time":1624366438169095000}
2021/06/22 20:58:36 {"callers":["/Users/xuhongyu/workspace/Github/demo/go-gin-http/blog-service/cmd/v1/main.go: 23 main.init.0"],"level":"info","message":"blog-service init successfully","time":1624366716525009000}
2021/06/22 21:01:17 {"callers":["/Users/xuhongyu/workspace/Github/demo/go-gin-http/blog-service/cmd/v1/main.go: 23 main.init.0"],"level":"error","message":"svc.CreateArticle err: ERROR: column \"desc\" of relation \"blog_article\" does not exist (SQLSTATE 42703)","time":1624366877546009000}
2021/06/22 21:14:06 {"callers":["/Users/xuhongyu/workspace/Github/demo/go-gin-http/blog-service/cmd/v1/main.go: 23 main.init.0"],"level":"info","message":"blog-service init successfully","time":1624367646679800000}
2021/06/22 21:15:57 {"callers":["/Users/xuhongyu/workspace/Github/demo/go-gin-http/blog-service/cmd/v1/main.go: 23 main.init.0"],"level":"info","message":"blog-service init successfully","time":1624367757575195000}
2021/06/22 21:24:01 {"callers":["/Users/xuhongyu/workspace/Github/demo/go-gin-http/blog-service/cmd/v1/main.go: 23 main.init.0"],"level":"info","message":"blog-service init successfully","time":1624368241436151000}
2021/06/22 21:25:39 {"callers":["/Users/xuhongyu/workspace/Github/demo/go-gin-http/blog-service/cmd/v1/main.go: 23 main.init.0"],"level":"error","message":"app.BindAndValid errs: Key: 'DeleteArticleRequest.ID' Error:Field validation for 'ID' failed on the 'required' tag","time":1624368339797647000}
2021/06/22 21:30:13 {"callers":["/Users/xuhongyu/workspace/Github/demo/go-gin-http/blog-service/cmd/v1/main.go: 23 main.init.0"],"level":"error","message":"app.BindAndValid errs: Key: 'DeleteArticleRequest.ID' Error:Field validation for 'ID' failed on the 'required' tag","time":1624368613252965000}
2021/06/22 21:34:32 {"callers":["/Users/xuhongyu/workspace/Github/demo/go-gin-http/blog-service/cmd/v1/main.go: 23 main.init.0"],"level":"info","message":"blog-service init successfully","time":1624368872647598000}
2021/06/22 21:37:09 {"callers":["/Users/xuhongyu/workspace/Github/demo/go-gin-http/blog-service/cmd/v1/main.go: 23 main.init.0"],"level":"info","message":"blog-service init successfully","time":1624369029589504000}
2021/06/23 11:19:51 {"callers":["D:/workspace/GitHub_local/demo/blog-service/cmd/v1/main.go: 23 main.init.0"],"level":"info","message":"blog-service init successfully","time":1624418391881253100}
2021/06/23 11:27:19 {"callers":["D:/workspace/GitHub_local/demo/blog-service/cmd/v1/main.go: 23 main.init.0"],"level":"info","message":"blog-service init successfully","time":1624418839592331200}
2021/06/23 11:30:56 {"callers":["D:/workspace/GitHub_local/demo/blog-service/cmd/v1/main.go: 23 main.init.0"],"level":"info","message":"blog-service init successfully","time":1624419056872107500}
2021/06/23 11:30:59 {"callers":["D:/workspace/GitHub_local/demo/blog-service/cmd/v1/main.go: 23 main.init.0"],"level":"error","message":"svc.GetArticle err: cannot convert 1 to Text","time":1624419059347773200}
2021/06/23 11:31:57 {"callers":["D:/workspace/GitHub_local/demo/blog-service/cmd/v1/main.go: 23 main.init.0"],"level":"info","message":"blog-service init successfully","time":1624419117882260900}
2021/06/23 11:31:59 {"callers":["D:/workspace/GitHub_local/demo/blog-service/cmd/v1/main.go: 23 main.init.0"],"level":"error","message":"article(id = 1) not found","time":1624419119452150600}
2021/06/23 11:37:06 {"callers":["D:/workspace/GitHub_local/demo/blog-service/cmd/v1/main.go: 23 main.init.0"],"level":"info","message":"blog-service init successfully","time":1624419426833363200}
2021/06/23 11:44:25 {"callers":["D:/workspace/GitHub_local/demo/blog-service/cmd/v1/main.go: 23 main.init.0"],"level":"info","message":"blog-service init successfully","time":1624419865037527200}
2021/06/23 17:11:46 {"callers":["D:/workspace/GitHub_local/demo/blog-service/cmd/v1/main.go: 23 main.init.0"],"level":"info","message":"blog-service init successfully","time":1624439506775753900}
2021/06/23 17:54:48 {"callers":["D:/workspace/GitHub_local/demo/blog-service/cmd/v1/main.go: 23 main.init.0"],"level":"info","message":"blog-service init successfully","time":1624442088361012300}
2021/06/23 18:13:49 {"callers":["D:/workspace/GitHub_local/demo/blog-service/cmd/v1/main.go: 23 main.init.0"],"level":"info","message":"blog-service init successfully","time":1624443229550516300}
2021/06/23 18:16:17 {"callers":["D:/workspace/GitHub_local/demo/blog-service/cmd/v1/main.go: 23 main.init.0"],"level":"info","message":"blog-service init successfully","time":1624443377077052900}
2021/06/23 18:16:55 {"callers":["D:/workspace/GitHub_local/demo/blog-service/cmd/v1/main.go: 23 main.init.0"],"level":"info","message":"blog-service init successfully","time":1624443415913449500}
